2021-08-10 10:58:15-error: (node:22220) Warning: Setting the NODE_TLS_REJECT_UNAUTHORIZED environment variable to '0' makes TLS connections and HTTPS requests insecure by disabling certificate verification.
(Use `CocosCreator --trace-warnings ...` to show where the warning was created)
2021-08-10 10:58:43-log: [Package] Profile Migrate: program@Cocos Creator...
2021-08-10 10:58:43-log: [Package] Profile Migrate: device@Cocos Creator...
2021-08-10 10:58:43-log: [Package] Profile Migrate: engine@Cocos Creator...
2021-08-10 10:58:43-log: [Package] menu@1.0.0 enable
2021-08-10 10:58:43-log: [Package] profile@1.0.0 enable
2021-08-10 10:58:43-log: [Package] messages@1.0.0 enable
2021-08-10 10:58:43-log: [Package] program@1.0.0 enable
2021-08-10 10:58:43-log: [Package] device@1.0.1 enable
2021-08-10 10:58:43-log: [Package] ui-kit@1.0.1 enable
2021-08-10 10:58:43-log: [Package] tester@1.0.0 enable
2021-08-10 10:58:43-log: [Package] preferences@1.0.0 enable
2021-08-10 10:58:43-log: Setup mods mgr.: 203.305ms
2021-08-10 10:58:43-log: [Package] engine@1.0.5 enable
2021-08-10 10:58:45-log: [Package] programming@1.0.0 enable
2021-08-10 10:58:45-log: [Package] asset-db@1.0.0 enable
2021-08-10 10:58:45-log: [Package] console@1.0.0 enable
2021-08-10 10:58:45-log: [Package] scene@1.0.0 enable
2021-08-10 10:58:45-log: [Package] project@1.0.1 enable
2021-08-10 10:58:45-log: [Package] about@1.0.0 enable
2021-08-10 10:58:45-log: [Package] server@1.0.0 enable
2021-08-10 10:58:45-log: [Package] utils@1.0.0 enable
2021-08-10 10:58:45-log: [Package] assets@1.0.0 enable
2021-08-10 10:58:46-log: [Package] inspector@1.0.0 enable
2021-08-10 10:58:46-log: [Package] hierarchy@1.0.0 enable
2021-08-10 10:58:47-log: [Package] preview@1.0.1 enable
2021-08-10 10:58:47-log: [Package] animator@1.0.0 enable
2021-08-10 10:58:47-log: [Package] builder@1.2.8 enable
2021-08-10 10:58:47-log: [Package] node-library@1.0.0 enable
2021-08-10 10:58:47-log: [Package] shortcuts@1.0.1 enable
2021-08-10 10:58:47-log: [Package] importer@1.0.0 enable
2021-08-10 10:58:47-log: [Package] package-asset@1.0.0 enable
2021-08-10 10:58:47-log: [Package] reference-image@1.0.0 enable
2021-08-10 10:58:47-log: [Package] channel-upload-tools@1.0.0 enable
2021-08-10 10:58:47-log: [Package] runtime-dev-tools@1.0.0 enable
2021-08-10 10:58:47-log: [Package] alipay-mini-game@1.0.0 enable
2021-08-10 10:58:47-log: [Package] android@1.0.0 enable
2021-08-10 10:58:47-log: [Package] baidu-mini-game@1.0.0 enable
2021-08-10 10:58:47-log: [Package] bytedance-mini-game@1.0.0 enable
2021-08-10 10:58:47-log: [Package] huawei-agc@1.0.0 enable
2021-08-10 10:58:47-log: [Package] ios@1.0.0 enable
2021-08-10 10:58:47-log: [Package] ios-app-clip@1.0.0 enable
2021-08-10 10:58:47-log: [Package] mac@1.0.0 enable
2021-08-10 10:58:47-log: [Package] native@1.0.0 enable
2021-08-10 10:58:47-log: [Package] ohos@1.0.0 enable
2021-08-10 10:58:48-log: [Package] web-desktop@1.0.0 enable
2021-08-10 10:58:48-log: [Package] web-mobile@1.0.0 enable
2021-08-10 10:58:48-log: [Package] wechatgame@1.0.0 enable
2021-08-10 10:58:48-log: [Package] windows@1.0.0 enable
2021-08-10 10:58:48-log: [Package] xiaomi-quick-game@1.0.0 enable
2021-08-10 10:58:48-log: [Package] cocos-play@1.0.0 enable
2021-08-10 10:58:48-log: [Package] huawei-quick-game@1.0.0 enable
2021-08-10 10:58:48-log: [Package] link-sure@1.0.0 enable
2021-08-10 10:58:48-log: [Package] oppo-mini-game@1.0.0 enable
2021-08-10 10:58:48-log: [Package] qtt@1.0.0 enable
2021-08-10 10:58:48-log: [Package] vivo-mini-game@1.0.0 enable
2021-08-10 10:58:48-log: [Package] cocos-service@3.0.1 enable
2021-08-10 10:58:48-log: [Package] extension@3.0.8 enable
2021-08-10 10:58:48-log: [Package] im-plugin@3.0.5 enable
2021-08-10 10:58:48-log: [Package] lightmap@1.0.2 enable
2021-08-10 10:58:48-log: [Package] simple-1625559728268@1.0.0 enable
2021-08-10 10:58:51-error: [Window] { status: 405, msg: 'Missing Session ID', path: 'session/code' }
2021-08-10 10:58:52-log: [Scene] begin init
2021-08-10 10:58:52-log: [Scene] require engine end
2021-08-10 10:58:52-log: [Scene] Serialize end
2021-08-10 10:58:52-log: [Scene] configureStartup end
2021-08-10 10:58:52-info: [Scene] WebGL2 device initialized.
2021-08-10 10:58:52-log: [Scene] Cocos Creator v3.3.0
2021-08-10 10:58:52-info: [Scene] Forward render pipeline initialized.
2021-08-10 10:58:52-log: [Scene] openEngine end
2021-08-10 10:58:52-log: [Scene] configureEngine end
2021-08-10 11:17:10-log: [vscode-workflow]: Chrome debug setting has been updated to E:\Cases\TestFrameWork\.vscode\launch.json, please install Debugger for Chrome VS Code extension to debug your project.
2021-08-10 11:33:21-error: [Scene] Deserialize Framework failed, TypeError: Cannot read property 'wsOnMessage' of undefined
    at new TestNodeController (E:\Cases\TestFrameWork\temp\programming\packer-driver\targets\editor\mods\fs\0\assets\Scripts\Client.js:104:27)
    at new Framework (E:\Cases\TestFrameWork\temp\programming\packer-driver\targets\editor\mods\fs\0\assets\Scripts\Framework.js:64:40)
    at createObject (C:\Users\Administrator\Downloads\CocosCreator-v3.3.0-win32-080910\resources\resources\3d\engine\bin\.cache\dev\editor\bundled\index.js:99487:19)
    at _Deserializer._deserializeTypeTaggedObject (C:\Users\Administrator\Downloads\CocosCreator-v3.3.0-win32-080910\resources\resources\3d\engine\bin\.cache\dev\editor\bundled\index.js:99504:21)
    at _Deserializer._deserializeObject (C:\Users\Administrator\Downloads\CocosCreator-v3.3.0-win32-080910\resources\resources\3d\engine\bin\.cache\dev\editor\bundled\index.js:99414:23)
    at _Deserializer._deserializeAndAssignField (C:\Users\Administrator\Downloads\CocosCreator-v3.3.0-win32-080910\resources\resources\3d\engine\bin\.cache\dev\editor\bundled\index.js:99601:32)
    at _Deserializer._deserializeArray (C:\Users\Administrator\Downloads\CocosCreator-v3.3.0-win32-080910\resources\resources\3d\engine\bin\.cache\dev\editor\bundled\index.js:99448:34)
    at _Deserializer._deserializeObject (C:\Users\Administrator\Downloads\CocosCreator-v3.3.0-win32-080910\resources\resources\3d\engine\bin\.cache\dev\editor\bundled\index.js:99420:23)
    at _Deserializer._deserializeAndAssignField (C:\Users\Administrator\Downloads\CocosCreator-v3.3.0-win32-080910\resources\resources\3d\engine\bin\.cache\dev\editor\bundled\index.js:99615:30)
    at C:\Users\Administrator\Downloads\CocosCreator-v3.3.0-win32-080910\resources\resources\3d\engine\bin\.cache\dev\editor\bundled\index.js:99279:13
2021-08-10 11:33:21-warn: [Scene] Can not find script 'b748ea68-fe8b-4f52-8bc0-5bfa5c3d7575'
2021-08-10 11:33:25-error: [preview-error]Cannot read property 'wsOnMessage' of undefined
2021-08-10 11:34:22-error: [Scene] Deserialize Framework failed, TypeError: Cannot read property 'wsOnMessage' of undefined
    at new TestNodeController (E:\Cases\TestFrameWork\temp\programming\packer-driver\targets\editor\mods\fs\0\assets\Scripts\Client.js:104:27)
    at new Framework (E:\Cases\TestFrameWork\temp\programming\packer-driver\targets\editor\mods\fs\0\assets\Scripts\Framework.js:64:40)
    at createObject (C:\Users\Administrator\Downloads\CocosCreator-v3.3.0-win32-080910\resources\resources\3d\engine\bin\.cache\dev\editor\bundled\index.js:99487:19)
    at _Deserializer._deserializeTypeTaggedObject (C:\Users\Administrator\Downloads\CocosCreator-v3.3.0-win32-080910\resources\resources\3d\engine\bin\.cache\dev\editor\bundled\index.js:99504:21)
    at _Deserializer._deserializeObject (C:\Users\Administrator\Downloads\CocosCreator-v3.3.0-win32-080910\resources\resources\3d\engine\bin\.cache\dev\editor\bundled\index.js:99414:23)
    at _Deserializer._deserializeAndAssignField (C:\Users\Administrator\Downloads\CocosCreator-v3.3.0-win32-080910\resources\resources\3d\engine\bin\.cache\dev\editor\bundled\index.js:99601:32)
    at _Deserializer._deserializeArray (C:\Users\Administrator\Downloads\CocosCreator-v3.3.0-win32-080910\resources\resources\3d\engine\bin\.cache\dev\editor\bundled\index.js:99448:34)
    at _Deserializer._deserializeObject (C:\Users\Administrator\Downloads\CocosCreator-v3.3.0-win32-080910\resources\resources\3d\engine\bin\.cache\dev\editor\bundled\index.js:99420:23)
    at _Deserializer._deserializeAndAssignField (C:\Users\Administrator\Downloads\CocosCreator-v3.3.0-win32-080910\resources\resources\3d\engine\bin\.cache\dev\editor\bundled\index.js:99615:30)
    at C:\Users\Administrator\Downloads\CocosCreator-v3.3.0-win32-080910\resources\resources\3d\engine\bin\.cache\dev\editor\bundled\index.js:99279:13
2021-08-10 11:34:22-warn: [Scene] Can not find script 'b748ea68-fe8b-4f52-8bc0-5bfa5c3d7575'
2021-08-10 11:34:25-error: [preview-error]Cannot read property 'wsOnMessage' of undefined
2021-08-10 11:34:30-error: [preview-error]Cannot read property 'wsOnMessage' of undefined
2021-08-10 15:28:13-error: Failed to load module file:///E:/Cases/TestFrameWork/assets/Scripts/Client.ts: SyntaxError: unknown: Unexpected token (46:8)

  44 |             receiveCallBack(event);
  45 |             TestNodeController.loopIsLocked =
> 46 |         })
     |         ^
  47 |     }
  48 |
  49 |.
2021-08-10 15:28:13-error: Failed to load module file:///E:/Cases/TestFrameWork/assets/Scripts/Client.ts: SyntaxError: unknown: Unexpected token (46:8)

  44 |             receiveCallBack(event);
  45 |             TestNodeController.loopIsLocked =
> 46 |         })
     |         ^
  47 |     }
  48 |
  49 |.
2021-08-10 15:28:13-error: [Scene] Failed to resolve __unresolved_1 from pack:///mods/fs/0/assets/Scripts/Framework.js.
2021-08-10 15:28:13-warn: [Scene] Missing class: b748epo/otPUovAW/pcPXV1
2021-08-10 15:28:13-error: [Scene] Script "b748epo/otPUovAW/pcPXV1" attached to "Canvas" is missing or invalid. Detailed information:
Script UUID: "b748ea68-fe8b-4f52-8bc0-5bfa5c3d7575"
Class ID: "b748epo/otPUovAW/pcPXV1"

2021-08-10 15:28:13-error: [Scene] Script "b748epo/otPUovAW/pcPXV1" attached to "Canvas" is missing or invalid. Detailed information:
Script UUID: "b748ea68-fe8b-4f52-8bc0-5bfa5c3d7575"
Class ID: "b748epo/otPUovAW/pcPXV1"

2021-08-10 15:30:34-error: Failed to load module file:///E:/Cases/TestFrameWork/assets/Scripts/Client.ts: SyntaxError: unknown: Unexpected token (46:8)

  44 |             receiveCallBack(event);
  45 |             TestNodeController.loopIsLocked =
> 46 |         })
     |         ^
  47 |     }
  48 |
  49 |.
2021-08-10 15:30:34-error: Failed to load module file:///E:/Cases/TestFrameWork/assets/Scripts/Client.ts: SyntaxError: unknown: Unexpected token (46:8)

  44 |             receiveCallBack(event);
  45 |             TestNodeController.loopIsLocked =
> 46 |         })
     |         ^
  47 |     }
  48 |
  49 |.
2021-08-10 15:30:34-error: [Scene] Failed to resolve __unresolved_1 from pack:///mods/fs/0/assets/Scripts/Framework.js.
2021-08-10 15:30:34-warn: [Scene] Missing class: b748epo/otPUovAW/pcPXV1
2021-08-10 15:30:34-error: [Scene] Script "b748epo/otPUovAW/pcPXV1" attached to "Canvas" is missing or invalid. Detailed information:
Script UUID: "b748ea68-fe8b-4f52-8bc0-5bfa5c3d7575"
Class ID: "b748epo/otPUovAW/pcPXV1"

2021-08-10 15:30:34-error: [Scene] Script "b748epo/otPUovAW/pcPXV1" attached to "Canvas" is missing or invalid. Detailed information:
Script UUID: "b748ea68-fe8b-4f52-8bc0-5bfa5c3d7575"
Class ID: "b748epo/otPUovAW/pcPXV1"

2021-08-10 15:32:10-error: [Scene] Failed to resolve __unresolved_1 from pack:///mods/fs/0/assets/Scripts/Framework.js.
2021-08-10 15:32:10-warn: [Scene] Missing class: b748epo/otPUovAW/pcPXV1
2021-08-10 15:32:10-error: [Scene] Script "b748epo/otPUovAW/pcPXV1" attached to "Canvas" is missing or invalid. Detailed information:
Script UUID: "b748ea68-fe8b-4f52-8bc0-5bfa5c3d7575"
Class ID: "b748epo/otPUovAW/pcPXV1"

2021-08-10 15:32:10-error: [Scene] Script "b748epo/otPUovAW/pcPXV1" attached to "Canvas" is missing or invalid. Detailed information:
Script UUID: "b748ea68-fe8b-4f52-8bc0-5bfa5c3d7575"
Class ID: "b748epo/otPUovAW/pcPXV1"

